#
# A fatal error has been detected by the Java Runtime Environment:
#
#  SIGSEGV (0xb) at pc=0x000000010ca33e11, pid=78492, tid=0x000000000000a403
#
# JRE version: OpenJDK Runtime Environment (8.0_275-b01) (build 1.8.0_275-b01)
# Java VM: OpenJDK 64-Bit Server VM (25.275-b01 mixed mode bsd-amd64 compressed oops)
# Problematic frame:
# V  [libjvm.dylib+0x233e11]  frame::is_interpreted_frame() const+0x17
#
# Failed to write core dump. Core dumps have been disabled. To enable core dumping, try "ulimit -c unlimited" before starting Java again
#
# If you would like to submit a bug report, please visit:
#   https://github.com/AdoptOpenJDK/openjdk-support/issues
#

---------------  T H R E A D  ---------------

Current thread (0x00007ff9e81f6800):  JavaThread "Test worker" [_thread_in_vm, id=41987, stack(0x000070000a252000,0x000070000a352000)]

siginfo: si_signo: 11 (SIGSEGV), si_code: 1 (SEGV_MAPERR), si_addr: 0x00007ff9c0811ec8

Registers:
RAX=0x00007ff9c0811ec0, RBX=0x000070000a34b948, RCX=0x000000010eaa6923, RDX=0x000000010eaa6ad8
RSP=0x000070000a34b8a0, RBP=0x000070000a34b8a0, RSI=0x000000000018a740, RDI=0x000070000a34b948
R8 =0x000000010e91c000, R9 =0x00007ff9e4020e00, R10=0x000000010eaa6923, R11=0x000000010cf08543
R12=0x000070000a34b8d8, R13=0x0000000000000000, R14=0x000070000a34b980, R15=0x00007ff9e81f6800
RIP=0x000000010ca33e11, EFLAGS=0x0000000000010206, ERR=0x0000000000000004
  TRAPNO=0x000000000000000e

Top of Stack: (sp=0x000070000a34b8a0)
0x000070000a34b8a0:   000070000a34b8c0 000000010c92c497
0x000070000a34b8b0:   000070000a34b948 000070000a34b980
0x000070000a34b8c0:   000070000a34b930 000000010c92c41b
0x000070000a34b8d0:   0000000000000000 000070000a34c0e0
0x000070000a34b8e0:   000000010eaa6923 000000010eaa6750
0x000070000a34b8f0:   0000000000000000 0000000000000000
0x000070000a34b900:   000070000a34c0e0 000070000a34b948
0x000070000a34b910:   00007ff9e81f6800 000070000a34c0e8
0x000070000a34b920:   00007ff9e81f6a50 000070000a34c0e0
0x000070000a34b930:   000070000a34c0d0 000000010cb34c49
0x000070000a34b940:   0000000000000100 000070000a34c0e0
0x000070000a34b950:   000000010eaa6923 000000010eaa6750
0x000070000a34b960:   0000000000000000 0000000000000000
0x000070000a34b970:   000070000a34c0e0 00007ff9e81f6800
0x000070000a34b980:   000070000a34b9a0 000000010cc8eff6
0x000070000a34b990:   0000000000000100 000070000a34bac0
0x000070000a34b9a0:   000070000a34b9c0 000000010cb3e1cf
0x000070000a34b9b0:   00000000000008c0 00007ff9e4804780
0x000070000a34b9c0:   000070000a34ba00 000000010c9dd89d
0x000070000a34b9d0:   40167002b236f45e 0000000000000006
0x000070000a34b9e0:   0000000000000000 00007ff9e491c150
0x000070000a34b9f0:   0000000000000000 00007ff9e81f6800
0x000070000a34ba00:   000070000a34bae0 000000010cc6b057
0x000070000a34ba10:   00007ff9e491c010 00007ff9e491c010
0x000070000a34ba20:   000070000a34bcf0 0000000000000005
0x000070000a34ba30:   000070000a34b7c8 000070000a34ba80
0x000070000a34ba40:   00007ff9e793b410 0000000000000020
0x000070000a34ba50:   000000010cdc1b8b 0000000000000020
0x000070000a34ba60:   00007ff9e793b410 010000010cbe215c
0x000070000a34ba70:   000070000a34bab0 000000010c978755
0x000070000a34ba80:   0000003000000010 000070000a34bad0
0x000070000a34ba90:   000070000a34b9d0 000000010cc88c47 

Instructions: (pc=0x000000010ca33e11)
0x000000010ca33df1:   41 7d 38 00 e9 02 fc ff ff 55 48 89 e5 48 8d 05
0x000000010ca33e01:   ab 4d 4d 00 48 8b 00 48 85 c0 74 0d 48 8b 4f 08
0x000000010ca33e11:   48 8b 50 08 48 39 ca 76 04 31 c0 eb 0d 48 63 40
0x000000010ca33e21:   14 48 01 c2 48 39 ca 0f 97 c0 5d c3 90 55 48 89 

Register to memory mapping:

RAX=0x00007ff9c0811ec0 is an unknown value
RBX=0x000070000a34b948 is pointing into the stack for thread: 0x00007ff9e81f6800
RCX=0x000000010eaa6923 is at entry_point+99 in (nmethod*)0x000000010eaa6750
RDX=0x000000010eaa6ad8 is an unknown value
RSP=0x000070000a34b8a0 is pointing into the stack for thread: 0x00007ff9e81f6800
RBP=0x000070000a34b8a0 is pointing into the stack for thread: 0x00007ff9e81f6800
RSI=0x000000000018a740 is an unknown value
RDI=0x000070000a34b948 is pointing into the stack for thread: 0x00007ff9e81f6800
R8 =0x000000010e91c000 is an unknown value
R9 =0x00007ff9e4020e00 is an unknown value
R10=0x000000010eaa6923 is at entry_point+99 in (nmethod*)0x000000010eaa6750
R11=0x000000010cf08543: AssumeMP+0 in /Library/Java/JavaVirtualMachines/adoptopenjdk-8.jdk/Contents/Home/jre/lib/server/libjvm.dylib at 0x000000010c800000
R12=0x000070000a34b8d8 is pointing into the stack for thread: 0x00007ff9e81f6800
R13=0x0000000000000000 is an unknown value
R14=0x000070000a34b980 is pointing into the stack for thread: 0x00007ff9e81f6800
R15=0x00007ff9e81f6800 is a thread


Stack: [0x000070000a252000,0x000070000a352000],  sp=0x000070000a34b8a0,  free space=998k
Native frames: (J=compiled Java code, j=interpreted, Vv=VM code, C=native code)
V  [libjvm.dylib+0x233e11]  frame::is_interpreted_frame() const+0x17

[error occurred during error reporting (printing native stack), id 0xb]

Java frames: (J=compiled Java code, j=interpreted, Vv=VM code)

[error occurred during error reporting (printing Java stack), id 0xb]


---------------  P R O C E S S  ---------------

Java Threads: ( => current thread )
  0x00007ff9e30a0000 JavaThread "HikariPool-1 connection adder" daemon [_thread_blocked, id=40451, stack(0x000070000a967000,0x000070000aa67000)]
  0x00007ff9eee9d000 JavaThread "HikariPool-1 housekeeper" daemon [_thread_blocked, id=40963, stack(0x000070000a864000,0x000070000a964000)]
  0x00007ff9e3a27000 JavaThread "container-0" [_thread_blocked, id=25603, stack(0x000070000a761000,0x000070000a861000)]
  0x00007ff9ee73a000 JavaThread "Catalina-utility-2" [_thread_blocked, id=25091, stack(0x000070000a65e000,0x000070000a75e000)]
  0x00007ff9f01b5000 JavaThread "Catalina-utility-1" [_thread_blocked, id=41227, stack(0x000070000a55b000,0x000070000a65b000)]
  0x00007ff9ea019000 JavaThread "/127.0.0.1:59296 to /127.0.0.1:59294 workers Thread 3" [_thread_in_native, id=24579, stack(0x000070000a458000,0x000070000a558000)]
  0x00007ff9e2a90000 JavaThread "/127.0.0.1:59296 to /127.0.0.1:59294 workers Thread 2" [_thread_blocked, id=24067, stack(0x000070000a355000,0x000070000a455000)]
=>0x00007ff9e81f6800 JavaThread "Test worker" [_thread_in_vm, id=41987, stack(0x000070000a252000,0x000070000a352000)]
  0x00007ff9e408b000 JavaThread "Service Thread" daemon [_thread_blocked, id=23043, stack(0x000070000a04c000,0x000070000a14c000)]
  0x00007ff9e3033000 JavaThread "C1 CompilerThread3" daemon [_thread_blocked, id=22531, stack(0x0000700009f49000,0x000070000a049000)]
  0x00007ff9e3032000 JavaThread "C2 CompilerThread2" daemon [_thread_in_native, id=42499, stack(0x0000700009e46000,0x0000700009f46000)]
  0x00007ff9e3031000 JavaThread "C2 CompilerThread1" daemon [_thread_in_native, id=43011, stack(0x0000700009d43000,0x0000700009e43000)]
  0x00007ff9e3030000 JavaThread "C2 CompilerThread0" daemon [_thread_in_native, id=43267, stack(0x0000700009c40000,0x0000700009d40000)]
  0x00007ff9e5028800 JavaThread "JDWP Command Reader" daemon [_thread_in_native, id=15363, stack(0x0000700009b3d000,0x0000700009c3d000)]
  0x00007ff9e380f000 JavaThread "JDWP Event Helper Thread" daemon [_thread_blocked, id=15875, stack(0x0000700009a3a000,0x0000700009b3a000)]
  0x00007ff9e380c800 JavaThread "JDWP Transport Listener: dt_socket" daemon [_thread_blocked, id=15111, stack(0x0000700009937000,0x0000700009a37000)]
  0x00007ff9e302a800 JavaThread "Signal Dispatcher" daemon [_thread_blocked, id=14595, stack(0x0000700009834000,0x0000700009934000)]
  0x00007ff9e5018000 JavaThread "Finalizer" daemon [_thread_blocked, id=19203, stack(0x000070000962b000,0x000070000972b000)]
  0x00007ff9e5015800 JavaThread "Reference Handler" daemon [_thread_blocked, id=13571, stack(0x0000700009528000,0x0000700009628000)]
  0x00007ff9e3008800 JavaThread "main" [_thread_blocked, id=10499, stack(0x0000700008904000,0x0000700008a04000)]

Other Threads:
  0x00007ff9e2814000 VMThread [stack: 0x0000700009425000,0x0000700009525000] [id=13059]
  0x00007ff9e4050000 WatcherThread [stack: 0x000070000a14f000,0x000070000a24f000] [id=23555]

VM state:not at safepoint (normal execution)

VM Mutex/Monitor currently owned by a thread: None

heap address: 0x00000007a0000000, size: 512 MB, Compressed Oops mode: Zero based, Oop shift amount: 3
Narrow klass base: 0x0000000000000000, Narrow klass shift: 3
Compressed class space size: 1073741824 Address: 0x00000007c0000000

Heap:
 PSYoungGen      total 159744K, used 2676K [0x00000007b5580000, 0x00000007c0000000, 0x00000007c0000000)
  eden space 144896K, 1% used [0x00000007b5580000,0x00000007b581d1d8,0x00000007be300000)
  from space 14848K, 0% used [0x00000007be300000,0x00000007be300000,0x00000007bf180000)
  to   space 14336K, 0% used [0x00000007bf200000,0x00000007bf200000,0x00000007c0000000)
 ParOldGen       total 243200K, used 20683K [0x00000007a0000000, 0x00000007aed80000, 0x00000007b5580000)
  object space 243200K, 8% used [0x00000007a0000000,0x00000007a1432d18,0x00000007aed80000)
 Metaspace       used 55882K, capacity 58858K, committed 59284K, reserved 1099776K
  class space    used 7589K, capacity 8080K, committed 8124K, reserved 1048576K

Card table byte_map: [0x00000001065bd000,0x00000001066be000] byte_map_base: 0x00000001028bd000

Marking Bits: (ParMarkBitMap*) 0x000000010cf0fdf8
 Begin Bits: [0x000000010d1dd000, 0x000000010d9dd000)
 End Bits:   [0x000000010d9dd000, 0x000000010e1dd000)

Polling page: 0x0000000106161000

CodeCache: size=245760Kb used=14297Kb max_used=14687Kb free=231462Kb
 bounds [0x000000010e91c000, 0x000000010f79c000, 0x000000011d91c000]
 total_blobs=4347 nmethods=3825 adapters=443
 compilation: enabled

Compilation events (10 events):
Event: 5.482 Thread 0x00007ff9e3033000 4126       1       net.bytebuddy.implementation.bytecode.collection.ArrayFactory::access$000 (5 bytes)
Event: 5.482 Thread 0x00007ff9e3033000 nmethod 4126 0x000000010ebf8190 code [0x000000010ebf82e0, 0x000000010ebf83d0]
Event: 5.482 Thread 0x00007ff9e3033000 4128       1       net.bytebuddy.jar.asm.SymbolTable::getMajorVersion (5 bytes)
Event: 5.482 Thread 0x00007ff9e3033000 nmethod 4128 0x000000010ebf7ed0 code [0x000000010ebf8020, 0x000000010ebf8130]
Event: 5.482 Thread 0x00007ff9e3033000 4127       1       net.bytebuddy.implementation.Implementation$Context$Default$CacheValueField::getName (5 bytes)
Event: 5.482 Thread 0x00007ff9e3033000 nmethod 4127 0x000000010ebf7c10 code [0x000000010ebf7d60, 0x000000010ebf7e70]
Event: 5.594 Thread 0x00007ff9e3033000 4129       3       org.hibernate.internal.util.collections.JoinedIterator::hasNext (14 bytes)
Event: 5.594 Thread 0x00007ff9e3033000 nmethod 4129 0x000000010ebf76d0 code [0x000000010ebf7860, 0x000000010ebf7ad8]
Event: 5.604 Thread 0x00007ff9e3033000 4130       3       org.jboss.logging.Logger::join (112 bytes)
Event: 5.606 Thread 0x00007ff9e3033000 nmethod 4130 0x000000010ea73bd0 code [0x000000010ea73f60, 0x000000010ea761f8]

GC Heap History (10 events):
Event: 3.093 GC heap before
{Heap before GC invocations=8 (full 2):
 PSYoungGen      total 162304K, used 9208K [0x00000007b5580000, 0x00000007c0000000, 0x00000007c0000000)
  eden space 153088K, 0% used [0x00000007b5580000,0x00000007b5580000,0x00000007beb00000)
  from space 9216K, 99% used [0x00000007bf700000,0x00000007bfffe068,0x00000007c0000000)
  to   space 10752K, 0% used [0x00000007beb00000,0x00000007beb00000,0x00000007bf580000)
 ParOldGen       total 99840K, used 8225K [0x00000007a0000000, 0x00000007a6180000, 0x00000007b5580000)
  object space 99840K, 8% used [0x00000007a0000000,0x00000007a08085e0,0x00000007a6180000)
 Metaspace       used 33163K, capacity 35386K, committed 35416K, reserved 1079296K
  class space    used 4337K, capacity 4734K, committed 4736K, reserved 1048576K
Event: 3.169 GC heap after
Heap after GC invocations=8 (full 2):
 PSYoungGen      total 162304K, used 0K [0x00000007b5580000, 0x00000007c0000000, 0x00000007c0000000)
  eden space 153088K, 0% used [0x00000007b5580000,0x00000007b5580000,0x00000007beb00000)
  from space 9216K, 0% used [0x00000007bf700000,0x00000007bf700000,0x00000007c0000000)
  to   space 10752K, 0% used [0x00000007beb00000,0x00000007beb00000,0x00000007bf580000)
 ParOldGen       total 171008K, used 15555K [0x00000007a0000000, 0x00000007aa700000, 0x00000007b5580000)
  object space 171008K, 9% used [0x00000007a0000000,0x00000007a0f30c00,0x00000007aa700000)
 Metaspace       used 33163K, capacity 35386K, committed 35416K, reserved 1079296K
  class space    used 4337K, capacity 4734K, committed 4736K, reserved 1048576K
}
Event: 3.955 GC heap before
{Heap before GC invocations=9 (full 2):
 PSYoungGen      total 162304K, used 153088K [0x00000007b5580000, 0x00000007c0000000, 0x00000007c0000000)
  eden space 153088K, 100% used [0x00000007b5580000,0x00000007beb00000,0x00000007beb00000)
  from space 9216K, 0% used [0x00000007bf700000,0x00000007bf700000,0x00000007c0000000)
  to   space 10752K, 0% used [0x00000007beb00000,0x00000007beb00000,0x00000007bf580000)
 ParOldGen       total 171008K, used 15555K [0x00000007a0000000, 0x00000007aa700000, 0x00000007b5580000)
  object space 171008K, 9% used [0x00000007a0000000,0x00000007a0f30c00,0x00000007aa700000)
 Metaspace       used 39073K, capacity 41916K, committed 42200K, reserved 1085440K
  class space    used 5102K, capacity 5585K, committed 5632K, reserved 1048576K
Event: 3.962 GC heap after
Heap after GC invocations=9 (full 2):
 PSYoungGen      total 163840K, used 7495K [0x00000007b5580000, 0x00000007c0000000, 0x00000007c0000000)
  eden space 153088K, 0% used [0x00000007b5580000,0x00000007b5580000,0x00000007beb00000)
  from space 10752K, 69% used [0x00000007beb00000,0x00000007bf251e60,0x00000007bf580000)
  to   space 10752K, 0% used [0x00000007bf580000,0x00000007bf580000,0x00000007c0000000)
 ParOldGen       total 171008K, used 15563K [0x00000007a0000000, 0x00000007aa700000, 0x00000007b5580000)
  object space 171008K, 9% used [0x00000007a0000000,0x00000007a0f32c00,0x00000007aa700000)
 Metaspace       used 39073K, capacity 41916K, committed 42200K, reserved 1085440K
  class space    used 5102K, capacity 5585K, committed 5632K, reserved 1048576K
}
Event: 5.236 GC heap before
{Heap before GC invocations=10 (full 2):
 PSYoungGen      total 163840K, used 160583K [0x00000007b5580000, 0x00000007c0000000, 0x00000007c0000000)
  eden space 153088K, 100% used [0x00000007b5580000,0x00000007beb00000,0x00000007beb00000)
  from space 10752K, 69% used [0x00000007beb00000,0x00000007bf251e60,0x00000007bf580000)
  to   space 10752K, 0% used [0x00000007bf580000,0x00000007bf580000,0x00000007c0000000)
 ParOldGen       total 171008K, used 15563K [0x00000007a0000000, 0x00000007aa700000, 0x00000007b5580000)
  object space 171008K, 9% used [0x00000007a0000000,0x00000007a0f32c00,0x00000007aa700000)
 Metaspace       used 53912K, capacity 56906K, committed 57432K, reserved 1099776K
  class space    used 7197K, capacity 7690K, committed 7808K, reserved 1048576K
Event: 5.251 GC heap after
Heap after GC invocations=10 (full 2):
 PSYoungGen      total 155648K, used 10721K [0x00000007b5580000, 0x00000007c0000000, 0x00000007c0000000)
  eden space 144896K, 0% used [0x00000007b5580000,0x00000007b5580000,0x00000007be300000)
  from space 10752K, 99% used [0x00000007bf580000,0x00000007bfff87a0,0x00000007c0000000)
  to   space 14848K, 0% used [0x00000007be300000,0x00000007be300000,0x00000007bf180000)
 ParOldGen       total 171008K, used 23243K [0x00000007a0000000, 0x00000007aa700000, 0x00000007b5580000)
  object space 171008K, 13% used [0x00000007a0000000,0x00000007a16b2e40,0x00000007aa700000)
 Metaspace       used 53912K, capacity 56906K, committed 57432K, reserved 1099776K
  class space    used 7197K, capacity 7690K, committed 7808K, reserved 1048576K
}
Event: 5.482 GC heap before
{Heap before GC invocations=11 (full 2):
 PSYoungGen      total 155648K, used 42949K [0x00000007b5580000, 0x00000007c0000000, 0x00000007c0000000)
  eden space 144896K, 22% used [0x00000007b5580000,0x00000007b74f8d40,0x00000007be300000)
  from space 10752K, 99% used [0x00000007bf580000,0x00000007bfff87a0,0x00000007c0000000)
  to   space 14848K, 0% used [0x00000007be300000,0x00000007be300000,0x00000007bf180000)
 ParOldGen       total 171008K, used 23243K [0x00000007a0000000, 0x00000007aa700000, 0x00000007b5580000)
  object space 171008K, 13% used [0x00000007a0000000,0x00000007a16b2e40,0x00000007aa700000)
 Metaspace       used 55799K, capacity 58728K, committed 59028K, reserved 1099776K
  class space    used 7573K, capacity 8079K, committed 8124K, reserved 1048576K
Event: 5.488 GC heap after
Heap after GC invocations=11 (full 2):
 PSYoungGen      total 159744K, used 9558K [0x00000007b5580000, 0x00000007c0000000, 0x00000007c0000000)
  eden space 144896K, 0% used [0x00000007b5580000,0x00000007b5580000,0x00000007be300000)
  from space 14848K, 64% used [0x00000007be300000,0x00000007bec55a90,0x00000007bf180000)
  to   space 14336K, 0% used [0x00000007bf200000,0x00000007bf200000,0x00000007c0000000)
 ParOldGen       total 171008K, used 23259K [0x00000007a0000000, 0x00000007aa700000, 0x00000007b5580000)
  object space 171008K, 13% used [0x00000007a0000000,0x00000007a16b6e50,0x00000007aa700000)
 Metaspace       used 55799K, capacity 58728K, committed 59028K, reserved 1099776K
  class space    used 7573K, capacity 8079K, committed 8124K, reserved 1048576K
}
Event: 5.488 GC heap before
{Heap before GC invocations=12 (full 3):
 PSYoungGen      total 159744K, used 9558K [0x00000007b5580000, 0x00000007c0000000, 0x00000007c0000000)
  eden space 144896K, 0% used [0x00000007b5580000,0x00000007b5580000,0x00000007be300000)
  from space 14848K, 64% used [0x00000007be300000,0x00000007bec55a90,0x00000007bf180000)
  to   space 14336K, 0% used [0x00000007bf200000,0x00000007bf200000,0x00000007c0000000)
 ParOldGen       total 171008K, used 23259K [0x00000007a0000000, 0x00000007aa700000, 0x00000007b5580000)
  object space 171008K, 13% used [0x00000007a0000000,0x00000007a16b6e50,0x00000007aa700000)
 Metaspace       used 55799K, capacity 58728K, committed 59028K, reserved 1099776K
  class space    used 7573K, capacity 8079K, committed 8124K, reserved 1048576K
Event: 5.593 GC heap after
Heap after GC invocations=12 (full 3):
 PSYoungGen      total 159744K, used 0K [0x00000007b5580000, 0x00000007c0000000, 0x00000007c0000000)
  eden space 144896K, 0% used [0x00000007b5580000,0x00000007b5580000,0x00000007be300000)
  from space 14848K, 0% used [0x00000007be300000,0x00000007be300000,0x00000007bf180000)
  to   space 14336K, 0% used [0x00000007bf200000,0x00000007bf200000,0x00000007c0000000)
 ParOldGen       total 243200K, used 20683K [0x00000007a0000000, 0x00000007aed80000, 0x00000007b5580000)
  object space 243200K, 8% used [0x00000007a0000000,0x00000007a1432d18,0x00000007aed80000)
 Metaspace       used 55799K, capacity 58728K, committed 59028K, reserved 1099776K
  class space    used 7573K, capacity 8079K, committed 8124K, reserved 1048576K
}

Deoptimization events (10 events):
Event: 4.573 Thread 0x00007ff9e81f6800 Uncommon trap: reason=class_check action=maybe_recompile pc=0x000000010f58d9fc method=java.util.Properties$LineReader.readLine()I @ 62
Event: 4.573 Thread 0x00007ff9e81f6800 Uncommon trap: reason=class_check action=maybe_recompile pc=0x000000010f58da70 method=java.util.Properties$LineReader.readLine()I @ 410
Event: 4.574 Thread 0x00007ff9e81f6800 Uncommon trap: reason=class_check action=maybe_recompile pc=0x000000010f58d9fc method=java.util.Properties$LineReader.readLine()I @ 62
Event: 4.620 Thread 0x00007ff9e81f6800 Uncommon trap: reason=bimorphic action=maybe_recompile pc=0x000000010f3b2e98 method=java.lang.Throwable.<init>(Ljava/lang/String;Ljava/lang/Throwable;)V @ 24
Event: 4.624 Thread 0x00007ff9e81f6800 Uncommon trap: reason=unstable_if action=reinterpret pc=0x000000010ed29b04 method=java.lang.String.regionMatches(ZILjava/lang/String;II)Z @ 123
Event: 5.119 Thread 0x00007ff9e81f6800 Uncommon trap: reason=unstable_if action=reinterpret pc=0x000000010f3462c4 method=org.springframework.beans.factory.support.AbstractAutowireCapableBeanFactory.determineTargetType(Ljava/lang/String;Lorg/springframework/beans/factory/support/RootBeanDefinit
Event: 5.144 Thread 0x00007ff9e81f6800 Uncommon trap: reason=unstable_if action=reinterpret pc=0x000000010f4dc688 method=java.lang.Class$MethodArray.addIfNotPresent(Ljava/lang/reflect/Method;)V @ 19
Event: 5.168 Thread 0x00007ff9e81f6800 Uncommon trap: reason=bimorphic action=maybe_recompile pc=0x000000010f3b2e98 method=java.lang.Throwable.<init>(Ljava/lang/String;Ljava/lang/Throwable;)V @ 24
Event: 5.393 Thread 0x00007ff9e81f6800 Uncommon trap: reason=unstable_if action=reinterpret pc=0x000000010f550c00 method=java.util.HashMap$HashIterator.<init>(Ljava/util/HashMap;)V @ 45
Event: 5.419 Thread 0x00007ff9e81f6800 Uncommon trap: reason=unstable_if action=reinterpret pc=0x000000010ecb6234 method=java.util.HashMap$HashIterator.<init>(Ljava/util/HashMap;)V @ 45

Classes redefined (0 events):
No events

Internal exceptions (10 events):
Event: 5.131 Thread 0x00007ff9e81f6800 Exception <a 'java/lang/ClassNotFoundException': java/lang/ObjectCustomizer> (0x00000007bdfee798) thrown at [/Users/jenkins/workspace/build-scripts/jobs/jdk8u/jdk8u-mac-x64-hotspot/workspace/build/src/hotspot/src/share/vm/classfile/systemDictionary.cpp, l
Event: 5.131 Thread 0x00007ff9e81f6800 Exception <a 'java/lang/ClassNotFoundException': org/springframework/beans/factory/config/AbstractFactoryBeanCustomizer> (0x00000007be01b458) thrown at [/Users/jenkins/workspace/build-scripts/jobs/jdk8u/jdk8u-mac-x64-hotspot/workspace/build/src/hotspot/sr
Event: 5.132 Thread 0x00007ff9e81f6800 Exception <a 'java/lang/ClassNotFoundException': org/springframework/beans/factory/config/ObjectFactoryCreatingFactoryBeanCustomizer> (0x00000007be054140) thrown at [/Users/jenkins/workspace/build-scripts/jobs/jdk8u/jdk8u-mac-x64-hotspot/workspace/build/s
Event: 5.133 Thread 0x00007ff9e81f6800 Exception <a 'java/lang/ClassNotFoundException': org/springframework/beans/factory/FactoryBeanCustomizer> (0x00000007be085e70) thrown at [/Users/jenkins/workspace/build-scripts/jobs/jdk8u/jdk8u-mac-x64-hotspot/workspace/build/src/hotspot/src/share/vm/clas
Event: 5.134 Thread 0x00007ff9e81f6800 Exception <a 'java/lang/ClassNotFoundException': org/springframework/beans/factory/BeanClassLoaderAwareCustomizer> (0x00000007be0b0438) thrown at [/Users/jenkins/workspace/build-scripts/jobs/jdk8u/jdk8u-mac-x64-hotspot/workspace/build/src/hotspot/src/shar
Event: 5.134 Thread 0x00007ff9e81f6800 Exception <a 'java/lang/ClassNotFoundException': org/springframework/beans/factory/AwareCustomizer> (0x00000007be0d24e8) thrown at [/Users/jenkins/workspace/build-scripts/jobs/jdk8u/jdk8u-mac-x64-hotspot/workspace/build/src/hotspot/src/share/vm/classfile/
Event: 5.135 Thread 0x00007ff9e81f6800 Exception <a 'java/lang/ClassNotFoundException': org/springframework/beans/factory/BeanFactoryAwareCustomizer> (0x00000007be0f7e00) thrown at [/Users/jenkins/workspace/build-scripts/jobs/jdk8u/jdk8u-mac-x64-hotspot/workspace/build/src/hotspot/src/share/vm
Event: 5.135 Thread 0x00007ff9e81f6800 Exception <a 'java/lang/ClassNotFoundException': org/springframework/beans/factory/AwareCustomizer> (0x00000007be11a410) thrown at [/Users/jenkins/workspace/build-scripts/jobs/jdk8u/jdk8u-mac-x64-hotspot/workspace/build/src/hotspot/src/share/vm/classfile/
Event: 5.136 Thread 0x00007ff9e81f6800 Exception <a 'java/lang/ClassNotFoundException': org/springframework/beans/factory/InitializingBeanCustomizer> (0x00000007be13fcc0) thrown at [/Users/jenkins/workspace/build-scripts/jobs/jdk8u/jdk8u-mac-x64-hotspot/workspace/build/src/hotspot/src/share/vm
Event: 5.136 Thread 0x00007ff9e81f6800 Exception <a 'java/lang/ClassNotFoundException': org/springframework/beans/factory/DisposableBeanCustomizer> (0x00000007be1646d0) thrown at [/Users/jenkins/workspace/build-scripts/jobs/jdk8u/jdk8u-mac-x64-hotspot/workspace/build/src/hotspot/src/share/vm/c

Events (10 events):
Event: 5.608 loading class org/hibernate/dialect/Dialect$6
Event: 5.608 loading class org/hibernate/dialect/Dialect$6 done
Event: 5.608 Thread 0x00007ff9e81f6800 DEOPT PACKING pc=0x000000010ea3645c sp=0x000070000a34b5d0
Event: 5.608 Thread 0x00007ff9e81f6800 DEOPT UNPACKING pc=0x000000010e9634c4 sp=0x000070000a34b410 mode 1
Event: 5.608 Thread 0x00007ff9e81f6800 DEOPT PACKING pc=0x000000010ea361fc sp=0x000070000a34b760
Event: 5.608 Thread 0x00007ff9e81f6800 DEOPT UNPACKING pc=0x000000010e9634c4 sp=0x000070000a34b5a0 mode 1
Event: 5.609 loading class org/hibernate/persister/entity/EntityPersister
Event: 5.609 loading class org/hibernate/persister/entity/EntityPersister done
Event: 5.609 loading class org/hibernate/sql/Delete
Event: 5.609 loading class org/hibernate/sql/Delete done


Dynamic libraries:
0x00007fff34f4c000 	/System/Library/Frameworks/Cocoa.framework/Versions/A/Cocoa
0x00007fff22291000 	/System/Library/Frameworks/Security.framework/Versions/A/Security
0x00007fff33154000 	/System/Library/Frameworks/ApplicationServices.framework/Versions/A/ApplicationServices
0x00007fff2a513000 	/usr/lib/libz.1.dylib
0x00007fff2a5db000 	/usr/lib/libSystem.B.dylib
0x00007fff2047a000 	/System/Library/Frameworks/CoreFoundation.framework/Versions/A/CoreFoundation
0x00007fff21229000 	/System/Library/Frameworks/Foundation.framework/Versions/C/Foundation
0x00007fff2029a000 	/usr/lib/libobjc.A.dylib
0x00007fff22cc2000 	/System/Library/Frameworks/AppKit.framework/Versions/C/AppKit
0x00007fff25b86000 	/System/Library/Frameworks/CoreData.framework/Versions/A/CoreData
0x00007fff23a0e000 	/System/Library/PrivateFrameworks/UIFoundation.framework/Versions/A/UIFoundation
0x00007fff2fc0e000 	/System/Library/PrivateFrameworks/RemoteViewServices.framework/Versions/A/RemoteViewServices
0x00007fff28a1f000 	/System/Library/PrivateFrameworks/XCTTargetBootstrap.framework/Versions/A/XCTTargetBootstrap
0x00007fff2b704000 	/usr/lib/libspindump.dylib
0x00007fff23c5d000 	/System/Library/Frameworks/UniformTypeIdentifiers.framework/Versions/A/UniformTypeIdentifiers
0x00007fff27223000 	/usr/lib/libapp_launch_measurement.dylib
0x00007fff27226000 	/System/Library/PrivateFrameworks/CoreAutoLayout.framework/Versions/A/CoreAutoLayout
0x00007fff28386000 	/System/Library/Frameworks/Metal.framework/Versions/A/Metal
0x00007fff2907c000 	/usr/lib/liblangid.dylib
0x00007fff28a23000 	/System/Library/PrivateFrameworks/CoreSVG.framework/Versions/A/CoreSVG
0x00007fff24c9d000 	/System/Library/PrivateFrameworks/SkyLight.framework/Versions/A/SkyLight
0x00007fff25003000 	/System/Library/Frameworks/CoreGraphics.framework/Versions/A/CoreGraphics
0x00007fff30135000 	/System/Library/Frameworks/Accelerate.framework/Versions/A/Accelerate
0x00007fff2b142000 	/System/Library/PrivateFrameworks/IconServices.framework/Versions/A/IconServices
0x00007fff2836a000 	/System/Library/Frameworks/IOSurface.framework/Versions/A/IOSurface
0x00007fff2650e000 	/usr/lib/libDiagnosticMessagesClient.dylib
0x00007fff28a0b000 	/System/Library/PrivateFrameworks/DFRFoundation.framework/Versions/A/DFRFoundation
0x00007fff225e9000 	/usr/lib/libicucore.A.dylib
0x00007fff2cc4d000 	/System/Library/Frameworks/AudioToolbox.framework/Versions/A/AudioToolbox
0x00007fff2bed5000 	/System/Library/PrivateFrameworks/DataDetectorsCore.framework/Versions/A/DataDetectorsCore
0x00007fff24c10000 	/usr/lib/libMobileGestalt.dylib
0x00007fff2870f000 	/System/Library/Frameworks/Carbon.framework/Versions/A/Frameworks/HIToolbox.framework/Versions/A/HIToolbox
0x00007fff26c68000 	/System/Library/Frameworks/QuartzCore.framework/Versions/A/QuartzCore
0x00007fff2fc46000 	/System/Library/Frameworks/Carbon.framework/Versions/A/Frameworks/SpeechRecognition.framework/Versions/A/SpeechRecognition
0x00007fff26f88000 	/System/Library/PrivateFrameworks/CoreUI.framework/Versions/A/CoreUI
0x00007fff21bff000 	/System/Library/Frameworks/CoreAudio.framework/Versions/A/CoreAudio
0x00007fff265f9000 	/System/Library/Frameworks/DiskArbitration.framework/Versions/A/DiskArbitration
0x00007fff2bad2000 	/System/Library/PrivateFrameworks/MultitouchSupport.framework/Versions/A/MultitouchSupport
0x00007fff2becc000 	/System/Library/PrivateFrameworks/InternationalSupport.framework/Versions/A/InternationalSupport
0x00007fff24c0f000 	/usr/lib/libenergytrace.dylib
0x00007fff22bb9000 	/System/Library/Frameworks/IOKit.framework/Versions/A/IOKit
0x00007fff2ff79000 	/System/Library/Frameworks/CoreServices.framework/Versions/A/CoreServices
0x00007fff271b5000 	/System/Library/PrivateFrameworks/PerformanceAnalysis.framework/Versions/A/PerformanceAnalysis
0x00007fff6bae4000 	/System/Library/Frameworks/OpenGL.framework/Versions/A/OpenGL
0x00007fff2bf50000 	/System/Library/PrivateFrameworks/UserActivity.framework/Versions/A/UserActivity
0x00007fff2568d000 	/System/Library/Frameworks/ColorSync.framework/Versions/A/ColorSync
0x00007fff28c8a000 	/System/Library/Frameworks/CoreImage.framework/Versions/A/CoreImage
0x00007fff21a19000 	/System/Library/Frameworks/CoreText.framework/Versions/A/CoreText
0x00007fff28a4d000 	/System/Library/Frameworks/ImageIO.framework/Versions/A/ImageIO
0x00007fff2a5e1000 	/System/Library/PrivateFrameworks/SoftLinking.framework/Versions/A/SoftLinking
0x00007fff2726e000 	/usr/lib/libxml2.2.dylib
0x00007fff20360000 	/usr/lib/libc++.1.dylib
0x00007fff2a852000 	/usr/lib/libcompression.dylib
0x00007fff2bdfe000 	/System/Library/PrivateFrameworks/TextureIO.framework/Versions/A/TextureIO
0x00007fff2ae81000 	/usr/lib/libate.dylib
0x00007fff2a5d5000 	/usr/lib/system/libcache.dylib
0x00007fff2a591000 	/usr/lib/system/libcommonCrypto.dylib
0x00007fff2a5bb000 	/usr/lib/system/libcompiler_rt.dylib
0x00007fff2a5b0000 	/usr/lib/system/libcopyfile.dylib
0x00007fff2018a000 	/usr/lib/system/libcorecrypto.dylib
0x00007fff20255000 	/usr/lib/system/libdispatch.dylib
0x00007fff20408000 	/usr/lib/system/libdyld.dylib
0x00007fff2a5cc000 	/usr/lib/system/libkeymgr.dylib
0x00007fff2d9e4000 	/usr/lib/system/liblaunch.dylib
0x00007fff2a56f000 	/usr/lib/system/libmacho.dylib
0x00007fff29d67000 	/usr/lib/system/libquarantine.dylib
0x00007fff2a5c9000 	/usr/lib/system/libremovefile.dylib
0x00007fff24c6d000 	/usr/lib/system/libsystem_asl.dylib
0x00007fff2013a000 	/usr/lib/system/libsystem_blocks.dylib
0x00007fff202d7000 	/usr/lib/system/libsystem_c.dylib
0x00007fff2a5c3000 	/usr/lib/system/libsystem_collections.dylib
0x00007fff2906d000 	/usr/lib/system/libsystem_configuration.dylib
0x00007fff28359000 	/usr/lib/system/libsystem_containermanager.dylib
0x00007fff2a312000 	/usr/lib/system/libsystem_coreservices.dylib
0x00007fff22849000 	/usr/lib/system/libsystem_darwin.dylib
0x00007fff2a5cd000 	/usr/lib/system/libsystem_dnssd.dylib
0x00007fff202d4000 	/usr/lib/system/libsystem_featureflags.dylib
0x00007fff2044e000 	/usr/lib/system/libsystem_info.dylib
0x00007fff2a526000 	/usr/lib/system/libsystem_m.dylib
0x00007fff20228000 	/usr/lib/system/libsystem_malloc.dylib
0x00007fff24c00000 	/usr/lib/system/libsystem_networkextension.dylib
0x00007fff22c68000 	/usr/lib/system/libsystem_notify.dylib
0x00007fff2fe7b000 	/usr/lib/system/libsystem_product_info_filter.dylib
0x00007fff29071000 	/usr/lib/system/libsystem_sandbox.dylib
0x00007fff2a5c6000 	/usr/lib/system/libsystem_secinit.dylib
0x00007fff203cc000 	/usr/lib/system/libsystem_kernel.dylib
0x00007fff20444000 	/usr/lib/system/libsystem_platform.dylib
0x00007fff203fc000 	/usr/lib/system/libsystem_pthread.dylib
0x00007fff2634a000 	/usr/lib/system/libsystem_symptoms.dylib
0x00007fff20172000 	/usr/lib/system/libsystem_trace.dylib
0x00007fff2a59d000 	/usr/lib/system/libunwind.dylib
0x00007fff2013c000 	/usr/lib/system/libxpc.dylib
0x00007fff203b6000 	/usr/lib/libc++abi.dylib
0x00007fff2a5a8000 	/usr/lib/liboah.dylib
0x00007fff2ac66000 	/usr/lib/liblzma.5.dylib
0x00007fff20f3d000 	/System/Library/Frameworks/SystemConfiguration.framework/Versions/A/SystemConfiguration
0x00007fff2a5dd000 	/usr/lib/libfakelink.dylib
0x00007fff24761000 	/System/Library/Frameworks/CFNetwork.framework/Versions/A/CFNetwork
0x00007fff2a71d000 	/usr/lib/libarchive.2.dylib
0x00007fff20fbb000 	/usr/lib/libCRFSuite.dylib
0x00007fff29d8e000 	/usr/lib/libbsm.0.dylib
0x00007fff240da000 	/usr/lib/libnetwork.dylib
0x00007fff2a5e2000 	/usr/lib/libpcap.A.dylib
0x00007fff26343000 	/usr/lib/libdns_services.dylib
0x00007fff2ac7f000 	/usr/lib/libcoretls_cfhelpers.dylib
0x00007fff2a81c000 	/usr/lib/libapple_nghttp2.dylib
0x00007fff2a575000 	/usr/lib/system/libkxld.dylib
0x00007fff25fbc000 	/usr/lib/libsqlite3.dylib
0x00007fff2a2f5000 	/System/Library/PrivateFrameworks/AppleFSCompression.framework/Versions/A/AppleFSCompression
0x00007fff29d76000 	/usr/lib/libcoretls.dylib
0x00007fff2a84d000 	/usr/lib/libpam.2.dylib
0x00007fff2ad7d000 	/usr/lib/libxar.1.dylib
0x00007fff29078000 	/System/Library/PrivateFrameworks/AppleSystemInfo.framework/Versions/A/AppleSystemInfo
0x00007fff299b8000 	/System/Library/PrivateFrameworks/IOMobileFramebuffer.framework/Versions/A/IOMobileFramebuffer
0x00007fff2a305000 	/usr/lib/libbz2.1.0.dylib
0x00007fff2a61a000 	/usr/lib/libiconv.2.dylib
0x00007fff2a56e000 	/usr/lib/libcharset.1.dylib
0x00007fff271f1000 	/System/Library/Frameworks/CoreServices.framework/Versions/A/Frameworks/FSEvents.framework/Versions/A/FSEvents
0x00007fff22853000 	/System/Library/Frameworks/CoreServices.framework/Versions/A/Frameworks/CarbonCore.framework/Versions/A/CarbonCore
0x00007fff2655e000 	/System/Library/Frameworks/CoreServices.framework/Versions/A/Frameworks/Metadata.framework/Versions/A/Metadata
0x00007fff2a317000 	/System/Library/Frameworks/CoreServices.framework/Versions/A/Frameworks/OSServices.framework/Versions/A/OSServices
0x00007fff2a78f000 	/System/Library/Frameworks/CoreServices.framework/Versions/A/Frameworks/SearchKit.framework/Versions/A/SearchKit
0x00007fff262ce000 	/System/Library/Frameworks/CoreServices.framework/Versions/A/Frameworks/AE.framework/Versions/A/AE
0x00007fff20918000 	/System/Library/Frameworks/CoreServices.framework/Versions/A/Frameworks/LaunchServices.framework/Versions/A/LaunchServices
0x00007fff2ac16000 	/System/Library/Frameworks/CoreServices.framework/Versions/A/Frameworks/DictionaryServices.framework/Versions/A/DictionaryServices
0x00007fff271fe000 	/System/Library/Frameworks/CoreServices.framework/Versions/A/Frameworks/SharedFileList.framework/Versions/A/SharedFileList
0x00007fff29d6a000 	/usr/lib/libCheckFix.dylib
0x00007fff24c84000 	/System/Library/PrivateFrameworks/TCC.framework/Versions/A/TCC
0x00007fff2907e000 	/System/Library/PrivateFrameworks/CoreNLP.framework/Versions/A/CoreNLP
0x00007fff26511000 	/System/Library/PrivateFrameworks/MetadataUtilities.framework/Versions/A/MetadataUtilities
0x00007fff20ff0000 	/usr/lib/libmecabra.dylib
0x00007fff2a074000 	/System/Library/Frameworks/MLCompute.framework/Versions/A/MLCompute
0x00007fff29d9f000 	/usr/lib/libmecab.dylib
0x00007fff29de9000 	/usr/lib/libgermantok.dylib
0x00007fff2a7f7000 	/usr/lib/libThaiTokenizer.dylib
0x00007fff2adb8000 	/usr/lib/libChineseTokenizer.dylib
0x00007fff2a84b000 	/System/Library/Frameworks/MetalPerformanceShaders.framework/Versions/A/MetalPerformanceShaders
0x00007fff26600000 	/System/Library/Frameworks/Accelerate.framework/Versions/A/Frameworks/vImage.framework/Versions/A/vImage
0x00007fff2ff53000 	/System/Library/Frameworks/Accelerate.framework/Versions/A/Frameworks/vecLib.framework/Versions/A/vecLib
0x00007fff2adc3000 	/System/Library/Frameworks/Accelerate.framework/Versions/A/Frameworks/vecLib.framework/Versions/A/libvMisc.dylib
0x00007fff297d3000 	/System/Library/Frameworks/Accelerate.framework/Versions/A/Frameworks/vecLib.framework/Versions/A/libvDSP.dylib
0x00007fff20c23000 	/System/Library/Frameworks/Accelerate.framework/Versions/A/Frameworks/vecLib.framework/Versions/A/libBLAS.dylib
0x00007fff2a878000 	/System/Library/Frameworks/Accelerate.framework/Versions/A/Frameworks/vecLib.framework/Versions/A/libLAPACK.dylib
0x00007fff29def000 	/System/Library/Frameworks/Accelerate.framework/Versions/A/Frameworks/vecLib.framework/Versions/A/libLinearAlgebra.dylib
0x00007fff2a834000 	/System/Library/Frameworks/Accelerate.framework/Versions/A/Frameworks/vecLib.framework/Versions/A/libSparseBLAS.dylib
0x00007fff2a872000 	/System/Library/Frameworks/Accelerate.framework/Versions/A/Frameworks/vecLib.framework/Versions/A/libQuadrature.dylib
0x00007fff2912a000 	/System/Library/Frameworks/Accelerate.framework/Versions/A/Frameworks/vecLib.framework/Versions/A/libBNNS.dylib
0x00007fff20ece000 	/System/Library/Frameworks/Accelerate.framework/Versions/A/Frameworks/vecLib.framework/Versions/A/libSparse.dylib
0x00007fff29006000 	/System/Library/Frameworks/MetalPerformanceShaders.framework/Versions/A/Frameworks/MPSCore.framework/Versions/A/MPSCore
0x00007fff2a264000 	/System/Library/Frameworks/MetalPerformanceShaders.framework/Versions/A/Frameworks/MPSImage.framework/Versions/A/MPSImage
0x00007fff29e05000 	/System/Library/Frameworks/MetalPerformanceShaders.framework/Versions/A/Frameworks/MPSNeuralNetwork.framework/Versions/A/MPSNeuralNetwork
0x00007fff2a1d6000 	/System/Library/Frameworks/MetalPerformanceShaders.framework/Versions/A/Frameworks/MPSMatrix.framework/Versions/A/MPSMatrix
0x00007fff2a024000 	/System/Library/Frameworks/MetalPerformanceShaders.framework/Versions/A/Frameworks/MPSRayIntersector.framework/Versions/A/MPSRayIntersector
0x00007fff2a20d000 	/System/Library/Frameworks/MetalPerformanceShaders.framework/Versions/A/Frameworks/MPSNDArray.framework/Versions/A/MPSNDArray
0x00007fff20b4e000 	/System/Library/PrivateFrameworks/MetalTools.framework/Versions/A/MetalTools
0x00007fff29076000 	/System/Library/PrivateFrameworks/AggregateDictionary.framework/Versions/A/AggregateDictionary
0x00007fff264de000 	/System/Library/PrivateFrameworks/CoreAnalytics.framework/Versions/A/CoreAnalytics
0x00007fff2a7f9000 	/System/Library/PrivateFrameworks/AppleSauce.framework/Versions/A/AppleSauce
0x00007fff2837c000 	/System/Library/PrivateFrameworks/IOAccelerator.framework/Versions/A/IOAccelerator
0x00007fff6bad8000 	/System/Library/Frameworks/OpenGL.framework/Versions/A/Libraries/libCoreFSCache.dylib
0x00007fff21588000 	/System/Library/PrivateFrameworks/LanguageModeling.framework/Versions/A/LanguageModeling
0x00007fff299a6000 	/System/Library/PrivateFrameworks/CoreEmoji.framework/Versions/A/CoreEmoji
0x00007fff29123000 	/System/Library/PrivateFrameworks/LinguisticData.framework/Versions/A/LinguisticData
0x00007fff20e80000 	/System/Library/PrivateFrameworks/Lexicon.framework/Versions/A/Lexicon
0x00007fff2a70b000 	/usr/lib/libcmph.dylib
0x00007fff271d1000 	/System/Library/Frameworks/OpenDirectory.framework/Versions/A/Frameworks/CFOpenDirectory.framework/Versions/A/CFOpenDirectory
0x00007fff271c1000 	/System/Library/Frameworks/OpenDirectory.framework/Versions/A/OpenDirectory
0x00007fff2ac81000 	/System/Library/PrivateFrameworks/APFS.framework/Versions/A/APFS
0x00007fff29ccc000 	/System/Library/Frameworks/SecurityFoundation.framework/Versions/A/SecurityFoundation
0x00007fff2ad8b000 	/usr/lib/libutil.dylib
0x00007fff22b7e000 	/System/Library/PrivateFrameworks/CoreServicesStore.framework/Versions/A/CoreServicesStore
0x00007fff29d62000 	/System/Library/Frameworks/ServiceManagement.framework/Versions/A/ServiceManagement
0x00007fff2ad8f000 	/usr/lib/libxslt.1.dylib
0x00007fff29d58000 	/System/Library/PrivateFrameworks/BackgroundTaskManagement.framework/Versions/A/BackgroundTaskManagement
0x00007fff2bd48000 	/System/Library/Frameworks/ImageIO.framework/Versions/A/Resources/libRadiance.dylib
0x00007fff2bd52000 	/System/Library/Frameworks/ImageIO.framework/Versions/A/Resources/libJPEG.dylib
0x00007fff2bc9c000 	/System/Library/Frameworks/ImageIO.framework/Versions/A/Resources/libPng.dylib
0x00007fff2bcc3000 	/System/Library/Frameworks/ImageIO.framework/Versions/A/Resources/libTIFF.dylib
0x00007fff2bda7000 	/System/Library/Frameworks/ImageIO.framework/Versions/A/Resources/libGIF.dylib
0x00007fff2b9ee000 	/System/Library/Frameworks/ImageIO.framework/Versions/A/Resources/libJP2.dylib
0x00007fff2b10a000 	/usr/lib/libexpat.1.dylib
0x00007fff2b9a4000 	/System/Library/PrivateFrameworks/AppleJPEG.framework/Versions/A/AppleJPEG
0x00007fff285b2000 	/System/Library/PrivateFrameworks/FontServices.framework/libFontParser.dylib
0x00007fff26285000 	/System/Library/PrivateFrameworks/RunningBoardServices.framework/Versions/A/RunningBoardServices
0x00007fff2bace000 	/System/Library/PrivateFrameworks/WatchdogClient.framework/Versions/A/WatchdogClient
0x00007fff21671000 	/System/Library/Frameworks/CoreDisplay.framework/Versions/A/CoreDisplay
0x00007fff284c7000 	/System/Library/Frameworks/CoreMedia.framework/Versions/A/CoreMedia
0x00007fff27351000 	/System/Library/Frameworks/CoreVideo.framework/Versions/A/CoreVideo
0x00007fff2bb09000 	/System/Library/Frameworks/VideoToolbox.framework/Versions/A/VideoToolbox
0x00007fff26205000 	/System/Library/PrivateFrameworks/BaseBoard.framework/Versions/A/BaseBoard
0x00007fff2b24e000 	/System/Library/PrivateFrameworks/PersistentConnection.framework/Versions/A/PersistentConnection
0x00007fff25fa6000 	/System/Library/PrivateFrameworks/ProtocolBuffer.framework/Versions/A/ProtocolBuffer
0x00007fff261ed000 	/System/Library/PrivateFrameworks/CommonUtilities.framework/Versions/A/CommonUtilities
0x00007fff2b967000 	/System/Library/PrivateFrameworks/Bom.framework/Versions/A/Bom
0x00007fff2bd40000 	/System/Library/PrivateFrameworks/GPUWrangler.framework/Versions/A/GPUWrangler
0x00007fff2bd23000 	/System/Library/PrivateFrameworks/IOPresentment.framework/Versions/A/IOPresentment
0x00007fff2bd4c000 	/System/Library/PrivateFrameworks/DSExternalDisplay.framework/Versions/A/DSExternalDisplay
0x00007fff2bdac000 	/System/Library/PrivateFrameworks/CMCaptureCore.framework/Versions/A/CMCaptureCore
0x00007fff2b6ea000 	/System/Library/PrivateFrameworks/AppServerSupport.framework/Versions/A/AppServerSupport
0x00007fff2d787000 	/System/Library/PrivateFrameworks/perfdata.framework/Versions/A/perfdata
0x00007fff29cbb000 	/System/Library/PrivateFrameworks/AssertionServices.framework/Versions/A/AssertionServices
0x00007fff217a8000 	/System/Library/PrivateFrameworks/AudioToolboxCore.framework/Versions/A/AudioToolboxCore
0x00007fff284aa000 	/System/Library/PrivateFrameworks/caulk.framework/Versions/A/caulk
0x00007fff3cc33000 	/System/Library/PrivateFrameworks/SystemPolicy.framework/Versions/A/SystemPolicy
0x00007fff2af19000 	/usr/lib/libIOReport.dylib
0x00007fff2cfc3000 	/usr/lib/libSMC.dylib
0x00007fff2bc68000 	/usr/lib/libAudioToolboxUtility.dylib
0x00007fff3d590000 	/usr/lib/libmis.dylib
0x00007fff6bb34000 	/System/Library/Frameworks/OpenGL.framework/Versions/A/Libraries/libGLU.dylib
0x00007fff6baf7000 	/System/Library/Frameworks/OpenGL.framework/Versions/A/Libraries/libGFXShared.dylib
0x00007fff6bd05000 	/System/Library/Frameworks/OpenGL.framework/Versions/A/Libraries/libGL.dylib
0x00007fff6bb00000 	/System/Library/Frameworks/OpenGL.framework/Versions/A/Libraries/libGLImage.dylib
0x00007fff6baf4000 	/System/Library/Frameworks/OpenGL.framework/Versions/A/Libraries/libCVMSPluginSupport.dylib
0x00007fff6badf000 	/System/Library/Frameworks/OpenGL.framework/Versions/A/Libraries/libCoreVMClient.dylib
0x00007fff6d14f000 	/System/Library/Frameworks/OpenCL.framework/Versions/A/OpenCL
0x00007fff2b277000 	/System/Library/PrivateFrameworks/GraphVisualizer.framework/Versions/A/GraphVisualizer
0x00007fff2b286000 	/System/Library/PrivateFrameworks/FaceCore.framework/Versions/A/FaceCore
0x00007fff2b6a2000 	/System/Library/PrivateFrameworks/OTSVG.framework/Versions/A/OTSVG
0x00007fff26f46000 	/System/Library/Frameworks/ApplicationServices.framework/Versions/A/Frameworks/ATS.framework/Versions/A/Resources/libFontRegistry.dylib
0x00007fff2b6f1000 	/System/Library/PrivateFrameworks/FontServices.framework/libhvf.dylib
0x00007fff2b0b6000 	/System/Library/PrivateFrameworks/AppleVA.framework/Versions/A/AppleVA
0x00007fff2ce0b000 	/System/Library/Frameworks/ApplicationServices.framework/Versions/A/Frameworks/ATS.framework/Versions/A/ATS
0x00007fff2d11e000 	/System/Library/Frameworks/ApplicationServices.framework/Versions/A/Frameworks/ColorSyncLegacy.framework/Versions/A/ColorSyncLegacy
0x00007fff25784000 	/System/Library/Frameworks/ApplicationServices.framework/Versions/A/Frameworks/HIServices.framework/Versions/A/HIServices
0x00007fff2d103000 	/System/Library/Frameworks/ApplicationServices.framework/Versions/A/Frameworks/LangAnalysis.framework/Versions/A/LangAnalysis
0x00007fff2bdb6000 	/System/Library/Frameworks/ApplicationServices.framework/Versions/A/Frameworks/PrintCore.framework/Versions/A/PrintCore
0x00007fff2d126000 	/System/Library/Frameworks/ApplicationServices.framework/Versions/A/Frameworks/QD.framework/Versions/A/QD
0x00007fff2cdfb000 	/System/Library/Frameworks/ApplicationServices.framework/Versions/A/Frameworks/SpeechSynthesis.framework/Versions/A/SpeechSynthesis
0x00007fff2bd77000 	/System/Library/Frameworks/ApplicationServices.framework/Versions/A/Frameworks/ATSUI.framework/Versions/A/ATSUI
0x00007fff2d0a3000 	/usr/lib/libcups.2.dylib
0x00007fff2d113000 	/System/Library/PrivateFrameworks/NetAuth.framework/Versions/A/NetAuth
0x00007fff2d7a2000 	/System/Library/Frameworks/Kerberos.framework/Versions/A/Kerberos
0x00007fff2d7b2000 	/System/Library/Frameworks/GSS.framework/Versions/A/GSS
0x00007fff2ce78000 	/usr/lib/libresolv.9.dylib
0x00007fff2b707000 	/System/Library/PrivateFrameworks/Heimdal.framework/Versions/A/Heimdal
0x00007fff33469000 	/System/Library/Frameworks/Kerberos.framework/Versions/A/Libraries/libHeimdalProxy.dylib
0x00007fff26352000 	/System/Library/Frameworks/Network.framework/Versions/A/Network
0x00007fff2b123000 	/usr/lib/libheimdal-asn1.dylib
0x00007fff2d803000 	/System/Library/PrivateFrameworks/CommonAuth.framework/Versions/A/CommonAuth
0x00007fff2739f000 	/System/Library/PrivateFrameworks/login.framework/Versions/A/Frameworks/loginsupport.framework/Versions/A/loginsupport
0x00007fff2cd82000 	/System/Library/PrivateFrameworks/AudioSession.framework/Versions/A/AudioSession
0x00007fff2cde8000 	/usr/lib/libAudioStatistics.dylib
0x00007fff2b1af000 	/System/Library/PrivateFrameworks/MediaExperience.framework/Versions/A/MediaExperience
0x00007fff2cc1b000 	/System/Library/PrivateFrameworks/AudioSession.framework/libSessionUtility.dylib
0x00007fff2d793000 	/usr/lib/libperfcheck.dylib
0x00007fff2d132000 	/System/Library/PrivateFrameworks/AudioResourceArbitration.framework/Versions/A/AudioResourceArbitration
0x00007fff2b12d000 	/System/Library/PrivateFrameworks/IconFoundation.framework/Versions/A/IconFoundation
0x00007fff2fc36000 	/System/Library/PrivateFrameworks/SpeechRecognitionCore.framework/Versions/A/SpeechRecognitionCore
0x00007fff5ceef000 	/System/Library/CoreServices/Encodings/libKoreanConverter.dylib
0x000000010c800000 	/Library/Java/JavaVirtualMachines/adoptopenjdk-8.jdk/Contents/Home/jre/lib/server/libjvm.dylib
0x000000010611d000 	/Library/Java/JavaVirtualMachines/adoptopenjdk-8.jdk/Contents/Home/jre/lib/libverify.dylib
0x000000010612e000 	/Library/Java/JavaVirtualMachines/adoptopenjdk-8.jdk/Contents/Home/jre/lib/libjava.dylib
0x0000000106162000 	/Library/Java/JavaVirtualMachines/adoptopenjdk-8.jdk/Contents/Home/jre/lib/libjdwp.dylib
0x000000010619e000 	/Library/Java/JavaVirtualMachines/adoptopenjdk-8.jdk/Contents/Home/jre/lib/libnpt.dylib
0x00000001061f0000 	/Library/Java/JavaVirtualMachines/adoptopenjdk-8.jdk/Contents/Home/jre/lib/libzip.dylib
0x0000000106784000 	/Library/Java/JavaVirtualMachines/adoptopenjdk-8.jdk/Contents/Home/jre/lib/libnio.dylib
0x0000000106796000 	/Library/Java/JavaVirtualMachines/adoptopenjdk-8.jdk/Contents/Home/jre/lib/libnet.dylib
0x00000001067b1000 	/Library/Java/JavaVirtualMachines/adoptopenjdk-8.jdk/Contents/Home/jre/lib/libdt_socket.dylib
0x0000000120c54000 	/Library/Java/JavaVirtualMachines/adoptopenjdk-8.jdk/Contents/Home/jre/lib/libmanagement.dylib

VM Arguments:
jvm_args: -Djava.security.manager=worker.org.gradle.process.internal.worker.child.BootstrapSecurityManager -Dorg.gradle.native=false -agentlib:jdwp=transport=dt_socket,server=n,suspend=y,address=59292 -Xmx512m -Dfile.encoding=UTF-8 -Duser.country=US -Duser.language=ko -Duser.variant -ea 
java_command: worker.org.gradle.process.internal.worker.GradleWorkerMain 'Gradle Test Executor 8'
java_class_path (initial): /Users/nhn/.gradle/caches/6.6.1/workerMain/gradle-worker.jar
Launcher Type: SUN_STANDARD

Environment Variables:
JAVA_HOME=/Library/Java/JavaVirtualMachines/adoptopenjdk-8.jdk/Contents/Home
PATH=/Users/nhn/.gem/ruby/3.0.0/bin:/usr/local/opt/ruby/bin:/Users/nhn/.nvm/versions/node/v10.23.0/bin:/usr/local/bin:/usr/bin:/bin:/usr/sbin:/sbin:/opt/X11/bin:/Library/Frameworks/Mono.framework/Versions/Current/Commands:/Users/nhn/Library/Python/2.7/bin:/Users/nhn/Library/Android/sdk/build-tools/30.0.3:/Users/nhn/Library/apache-maven-3.8.1/bin
SHELL=/bin/bash
DISPLAY=/private/tmp/com.apple.launchd.mJUlPgT00Y/org.macosforge.xquartz:0

Signal Handlers:
SIGSEGV: [libjvm.dylib+0x596ba1], sa_mask[0]=11111111011111110111111111111111, sa_flags=SA_ONSTACK|SA_RESTART|SA_SIGINFO
SIGBUS: [libjvm.dylib+0x596ba1], sa_mask[0]=11111111011111110111111111111111, sa_flags=SA_RESTART|SA_SIGINFO
SIGFPE: [libjvm.dylib+0x48ae5f], sa_mask[0]=11111111011111110111111111111111, sa_flags=SA_RESTART|SA_SIGINFO
SIGPIPE: [libjvm.dylib+0x48ae5f], sa_mask[0]=11111111011111110111111111111111, sa_flags=SA_RESTART|SA_SIGINFO
SIGXFSZ: [libjvm.dylib+0x48ae5f], sa_mask[0]=11111111011111110111111111111111, sa_flags=SA_RESTART|SA_SIGINFO
SIGILL: [libjvm.dylib+0x48ae5f], sa_mask[0]=11111111011111110111111111111111, sa_flags=SA_RESTART|SA_SIGINFO
SIGUSR1: SIG_DFL, sa_mask[0]=00000000000000000000000000000000, sa_flags=none
SIGUSR2: [libjvm.dylib+0x48b756], sa_mask[0]=00100000000000000000000000000000, sa_flags=SA_RESTART|SA_SIGINFO
SIGHUP: [libjvm.dylib+0x489955], sa_mask[0]=11111111011111110111111111111111, sa_flags=SA_RESTART|SA_SIGINFO
SIGINT: [libjvm.dylib+0x489955], sa_mask[0]=11111111011111110111111111111111, sa_flags=SA_RESTART|SA_SIGINFO
SIGTERM: [libjvm.dylib+0x489955], sa_mask[0]=11111111011111110111111111111111, sa_flags=SA_RESTART|SA_SIGINFO
SIGQUIT: [libjvm.dylib+0x489955], sa_mask[0]=11111111011111110111111111111111, sa_flags=SA_RESTART|SA_SIGINFO


---------------  S Y S T E M  ---------------

OS:Bsduname:Darwin 20.6.0 Darwin Kernel Version 20.6.0: Wed Jun 23 00:26:31 PDT 2021; root:xnu-7195.141.2~5/RELEASE_X86_64 x86_64
rlimit: STACK 8192k, CORE 0k, NPROC 2784, NOFILE 10240, AS infinity
load average:3.69 3.09 3.05

CPU:total 12 (initial active 12) (6 cores per cpu, 2 threads per core) family 6 model 158 stepping 10, cmov, cx8, fxsr, mmx, sse, sse2, sse3, ssse3, sse4.1, sse4.2, popcnt, avx, avx2, aes, clmul, erms, 3dnowpref, lzcnt, ht, tsc, tscinvbit, bmi1, bmi2, adx

Memory: 4k page, physical 16777216k(50528k free)

/proc/meminfo:


vm_info: OpenJDK 64-Bit Server VM (25.275-b01) for bsd-amd64 JRE (1.8.0_275-b01), built on Nov  9 2020 12:07:35 by "jenkins" with gcc 4.2.1 Compatible Apple LLVM 10.0.1 (clang-1001.0.46.4)

time: Fri Dec  3 00:34:03 2021
timezone: KST
elapsed time: 5.620982 seconds (0d 0h 0m 5s)

